<?xml version="1.0" encoding="windows-1252" standalone="no"?>
<!DOCTYPE log SYSTEM "logger.dtd">
<log>
<record>
<<<<<<< HEAD
  <date>2017-12-20T16:13:24</date>
  <millis>1513786404773</millis>
=======
  <date>2017-12-20T12:16:34</date>
  <millis>1513772194526</millis>
>>>>>>> branch 'master' of file:///C:\Users\andre\Documents\GitHub\ES1-2017-EIC1-26
  <sequence>0</sequence>
  <logger>org.uma.jmetal.util.JMetalLogger</logger>
  <level>INFO</level>
  <class>org.uma.jmetal.util.JMetalLogger</class>
  <method>configureLoggers</method>
  <thread>1</thread>
  <message>Loggers configured with null</message>
</record>
<record>
<<<<<<< HEAD
  <date>2017-12-20T16:13:24</date>
  <millis>1513786404793</millis>
=======
  <date>2017-12-20T12:16:34</date>
  <millis>1513772194579</millis>
>>>>>>> branch 'master' of file:///C:\Users\andre\Documents\GitHub\ES1-2017-EIC1-26
  <sequence>1</sequence>
  <logger>org.uma.jmetal.util.JMetalLogger</logger>
  <level>INFO</level>
  <class>org.uma.jmetal.util.experiment.component.ExecuteAlgorithms</class>
  <method>run</method>
  <thread>1</thread>
  <message>ExecuteAlgorithms: Preparing output directory</message>
</record>
<record>
<<<<<<< HEAD
  <date>2017-12-20T16:13:24</date>
  <millis>1513786404800</millis>
=======
  <date>2017-12-20T12:16:34</date>
  <millis>1513772194590</millis>
>>>>>>> branch 'master' of file:///C:\Users\andre\Documents\GitHub\ES1-2017-EIC1-26
  <sequence>2</sequence>
  <logger>org.uma.jmetal.util.JMetalLogger</logger>
  <level>INFO</level>
  <class>org.uma.jmetal.util.experiment.util.ExperimentAlgorithm</class>
  <method>runAlgorithm</method>
  <thread>1</thread>
  <message> Running algorithm: NSGAII, problem: AntiSpamFilterProblem, run: 0, funFile: experimentBaseDirectory/AntiSpamStudy/data/NSGAII/AntiSpamFilterProblem/FUN0.tsv</message>
</record>
<record>
<<<<<<< HEAD
  <date>2017-12-20T16:13:25</date>
  <millis>1513786405337</millis>
=======
  <date>2017-12-20T12:16:36</date>
  <millis>1513772196063</millis>
>>>>>>> branch 'master' of file:///C:\Users\andre\Documents\GitHub\ES1-2017-EIC1-26
  <sequence>3</sequence>
  <logger>org.uma.jmetal.util.JMetalLogger</logger>
  <level>INFO</level>
  <class>org.uma.jmetal.util.experiment.util.ExperimentAlgorithm</class>
  <method>runAlgorithm</method>
  <thread>1</thread>
  <message> Running algorithm: NSGAII, problem: AntiSpamFilterProblem, run: 1, funFile: experimentBaseDirectory/AntiSpamStudy/data/NSGAII/AntiSpamFilterProblem/FUN1.tsv</message>
</record>
<record>
<<<<<<< HEAD
  <date>2017-12-20T16:13:25</date>
  <millis>1513786405713</millis>
=======
  <date>2017-12-20T12:16:36</date>
  <millis>1513772196510</millis>
>>>>>>> branch 'master' of file:///C:\Users\andre\Documents\GitHub\ES1-2017-EIC1-26
  <sequence>4</sequence>
  <logger>org.uma.jmetal.util.JMetalLogger</logger>
  <level>INFO</level>
  <class>org.uma.jmetal.util.experiment.util.ExperimentAlgorithm</class>
  <method>runAlgorithm</method>
  <thread>1</thread>
  <message> Running algorithm: NSGAII, problem: AntiSpamFilterProblem, run: 2, funFile: experimentBaseDirectory/AntiSpamStudy/data/NSGAII/AntiSpamFilterProblem/FUN2.tsv</message>
</record>
<record>
<<<<<<< HEAD
  <date>2017-12-20T16:13:26</date>
  <millis>1513786406017</millis>
=======
  <date>2017-12-20T12:16:36</date>
  <millis>1513772196812</millis>
>>>>>>> branch 'master' of file:///C:\Users\andre\Documents\GitHub\ES1-2017-EIC1-26
  <sequence>5</sequence>
  <logger>org.uma.jmetal.util.JMetalLogger</logger>
  <level>INFO</level>
  <class>org.uma.jmetal.util.experiment.util.ExperimentAlgorithm</class>
  <method>runAlgorithm</method>
  <thread>1</thread>
  <message> Running algorithm: NSGAII, problem: AntiSpamFilterProblem, run: 3, funFile: experimentBaseDirectory/AntiSpamStudy/data/NSGAII/AntiSpamFilterProblem/FUN3.tsv</message>
</record>
<record>
<<<<<<< HEAD
  <date>2017-12-20T16:13:26</date>
  <millis>1513786406265</millis>
=======
  <date>2017-12-20T12:16:37</date>
  <millis>1513772197098</millis>
>>>>>>> branch 'master' of file:///C:\Users\andre\Documents\GitHub\ES1-2017-EIC1-26
  <sequence>6</sequence>
  <logger>org.uma.jmetal.util.JMetalLogger</logger>
  <level>INFO</level>
  <class>org.uma.jmetal.util.experiment.util.ExperimentAlgorithm</class>
  <method>runAlgorithm</method>
  <thread>1</thread>
  <message> Running algorithm: NSGAII, problem: AntiSpamFilterProblem, run: 4, funFile: experimentBaseDirectory/AntiSpamStudy/data/NSGAII/AntiSpamFilterProblem/FUN4.tsv</message>
</record>
<record>
<<<<<<< HEAD
  <date>2017-12-20T16:13:26</date>
  <millis>1513786406701</millis>
=======
  <date>2017-12-20T12:16:37</date>
  <millis>1513772197685</millis>
>>>>>>> branch 'master' of file:///C:\Users\andre\Documents\GitHub\ES1-2017-EIC1-26
  <sequence>7</sequence>
  <logger>org.uma.jmetal.util.JMetalLogger</logger>
  <level>INFO</level>
  <class>org.uma.jmetal.util.experiment.component.ComputeQualityIndicators</class>
  <method>run</method>
  <thread>1</thread>
  <message>Computing indicator: HV</message>
</record>
<record>
<<<<<<< HEAD
  <date>2017-12-20T16:13:26</date>
  <millis>1513786406702</millis>
=======
  <date>2017-12-20T12:16:37</date>
  <millis>1513772197686</millis>
>>>>>>> branch 'master' of file:///C:\Users\andre\Documents\GitHub\ES1-2017-EIC1-26
  <sequence>8</sequence>
  <logger>org.uma.jmetal.util.JMetalLogger</logger>
  <level>INFO</level>
  <class>org.uma.jmetal.util.experiment.component.ComputeQualityIndicators</class>
  <method>run</method>
  <thread>1</thread>
  <message>RF: experimentBaseDirectory/referenceFronts/AntiSpamFilterProblem.rf</message>
</record>
</log>
